[ 2025-03-28 18:28:45,666 ] 1025 httpx - INFO - HTTP Request: GET https://dagshub.com/api/v1/user "HTTP/1.1 200 OK"
[ 2025-03-28 18:28:45,670 ] 107 dagshub - INFO - Accessing as anusha-chebolu
[ 2025-03-28 18:28:45,796 ] 1025 httpx - INFO - HTTP Request: GET https://dagshub.com/api/v1/repos/anusha-chebolu/Udemy-MLOps-Hands-on "HTTP/1.1 200 OK"
[ 2025-03-28 18:28:45,889 ] 1025 httpx - INFO - HTTP Request: GET https://dagshub.com/api/v1/user "HTTP/1.1 200 OK"
[ 2025-03-28 18:28:45,890 ] 107 dagshub - INFO - Initialized MLflow to track repo "anusha-chebolu/Udemy-MLOps-Hands-on"
[ 2025-03-28 18:28:45,891 ] 107 dagshub - INFO - Repository anusha-chebolu/Udemy-MLOps-Hands-on initialized!
[ 2025-03-28 18:28:56,177 ] 42 root - INFO - Start data Ingestion
[ 2025-03-28 18:29:00,011 ] 77 root - INFO - Performed train-test split on the dataframe.
[ 2025-03-28 18:29:00,039 ] 89 root - INFO - Exported training and testing datasets.
[ 2025-03-28 18:29:00,039 ] 45 root - INFO - Data Ingestion completed and artifact: DataIngestionArtifact(trained_file_path='Artifacts/03_28_2025_18_28_44/data_ingestion/ingested/train.csv', test_file_path='Artifacts/03_28_2025_18_28_44/data_ingestion/ingested/test.csv')
[ 2025-03-28 18:29:00,042 ] 55 root - INFO - Initiate the data Validation
[ 2025-03-28 18:29:00,051 ] 32 root - INFO - Required number of columns:2
[ 2025-03-28 18:29:00,051 ] 33 root - INFO - Data frame has columns:31
[ 2025-03-28 18:29:00,051 ] 32 root - INFO - Required number of columns:2
[ 2025-03-28 18:29:00,051 ] 33 root - INFO - Data frame has columns:31
[ 2025-03-28 18:29:00,051 ] 49 root - INFO - All numerical columns exist in the dataframe.
[ 2025-03-28 18:29:00,051 ] 49 root - INFO - All numerical columns exist in the dataframe.
[ 2025-03-28 18:29:00,134 ] 65 root - INFO - Entered initiate_data_transformation method of DataTransformation class
[ 2025-03-28 18:29:00,134 ] 67 root - INFO - Starting data transformation
[ 2025-03-28 18:29:00,142 ] 50 root - INFO - Entered get_data_trnasformer_object method of Trnasformation class
[ 2025-03-28 18:29:00,143 ] 55 root - INFO - Initialise KNNImputer with {'missing_values': nan, 'n_neighbors': 3, 'weights': 'uniform'}
[ 2025-03-28 18:29:00,148 ] 47 root - INFO - Entered the save_object method of MainUtils class
[ 2025-03-28 18:29:00,162 ] 51 root - INFO - Exited the save_object method of MainUtils class
[ 2025-03-28 18:29:00,162 ] 47 root - INFO - Entered the save_object method of MainUtils class
[ 2025-03-28 18:29:00,169 ] 51 root - INFO - Exited the save_object method of MainUtils class
[ 2025-03-28 18:31:20,715 ] 47 root - INFO - Entered the save_object method of MainUtils class
[ 2025-03-28 18:31:20,716 ] 51 root - INFO - Exited the save_object method of MainUtils class
[ 2025-03-28 18:31:20,716 ] 47 root - INFO - Entered the save_object method of MainUtils class
[ 2025-03-28 18:31:20,776 ] 51 root - INFO - Exited the save_object method of MainUtils class
[ 2025-03-28 18:31:20,776 ] 147 root - INFO - Model trainer artifact: ModelTrainerArtifact(trained_model_file_path='Artifacts/03_28_2025_18_28_44/model_trainer/trained_model/model.pkl', train_metric_artifact=ClassificationMetricArtifact(f1_score=0.9915356711003628, precision_score=0.9883487344314986, recall_score=0.9947432268499797), test_metric_artifact=ClassificationMetricArtifact(f1_score=0.9741060419235512, precision_score=0.969721767594108, recall_score=0.9785301403798513))
