[ 2025-03-28 18:10:41,043 ] 1025 httpx - INFO - HTTP Request: GET https://dagshub.com/api/v1/user "HTTP/1.1 200 OK"
[ 2025-03-28 18:10:41,047 ] 107 dagshub - INFO - Accessing as anusha-chebolu
[ 2025-03-28 18:10:41,165 ] 1025 httpx - INFO - HTTP Request: GET https://dagshub.com/api/v1/repos/anusha-chebolu/Udemy-MLOps-Hands-on "HTTP/1.1 200 OK"
[ 2025-03-28 18:10:41,263 ] 1025 httpx - INFO - HTTP Request: GET https://dagshub.com/api/v1/user "HTTP/1.1 200 OK"
[ 2025-03-28 18:10:41,264 ] 107 dagshub - INFO - Initialized MLflow to track repo "anusha-chebolu/Udemy-MLOps-Hands-on"
[ 2025-03-28 18:10:41,264 ] 107 dagshub - INFO - Repository anusha-chebolu/Udemy-MLOps-Hands-on initialized!
[ 2025-03-28 18:11:53,697 ] 42 root - INFO - Start data Ingestion
[ 2025-03-28 18:12:13,770 ] 77 root - INFO - Performed train-test split on the dataframe.
[ 2025-03-28 18:12:13,799 ] 89 root - INFO - Exported training and testing datasets.
[ 2025-03-28 18:12:13,799 ] 50 root - INFO - Data Ingestion completed and artifact: DataIngestionArtifact(trained_file_path='Artifacts/03_28_2025_18_10_39/data_ingestion/ingested/train.csv', test_file_path='Artifacts/03_28_2025_18_10_39/data_ingestion/ingested/test.csv')
[ 2025-03-28 18:12:13,802 ] 68 root - INFO - Initiate the data Validation
[ 2025-03-28 18:12:13,813 ] 32 root - INFO - Required number of columns:2
[ 2025-03-28 18:12:13,813 ] 33 root - INFO - Data frame has columns:31
[ 2025-03-28 18:12:13,813 ] 32 root - INFO - Required number of columns:2
[ 2025-03-28 18:12:13,813 ] 33 root - INFO - Data frame has columns:31
[ 2025-03-28 18:12:13,813 ] 49 root - INFO - All numerical columns exist in the dataframe.
[ 2025-03-28 18:12:13,813 ] 49 root - INFO - All numerical columns exist in the dataframe.
[ 2025-03-28 18:12:13,890 ] 65 root - INFO - Entered initiate_data_transformation method of DataTransformation class
[ 2025-03-28 18:12:13,890 ] 67 root - INFO - Starting data transformation
[ 2025-03-28 18:12:13,900 ] 50 root - INFO - Entered get_data_trnasformer_object method of Trnasformation class
[ 2025-03-28 18:12:13,900 ] 55 root - INFO - Initialise KNNImputer with {'missing_values': nan, 'n_neighbors': 3, 'weights': 'uniform'}
[ 2025-03-28 18:12:13,906 ] 47 root - INFO - Entered the save_object method of MainUtils class
[ 2025-03-28 18:12:13,909 ] 51 root - INFO - Exited the save_object method of MainUtils class
[ 2025-03-28 18:12:13,909 ] 47 root - INFO - Entered the save_object method of MainUtils class
[ 2025-03-28 18:12:13,913 ] 51 root - INFO - Exited the save_object method of MainUtils class
[ 2025-03-28 18:14:16,417 ] 47 root - INFO - Entered the save_object method of MainUtils class
[ 2025-03-28 18:14:16,418 ] 51 root - INFO - Exited the save_object method of MainUtils class
[ 2025-03-28 18:14:16,418 ] 47 root - INFO - Entered the save_object method of MainUtils class
[ 2025-03-28 18:14:16,427 ] 51 root - INFO - Exited the save_object method of MainUtils class
[ 2025-03-28 18:14:16,428 ] 147 root - INFO - Model trainer artifact: ModelTrainerArtifact(trained_model_file_path='Artifacts/03_28_2025_18_10_39/model_trainer/trained_model/model.pkl', train_metric_artifact=ClassificationMetricArtifact(f1_score=0.9913218970736629, precision_score=0.9891260571888845, recall_score=0.9935275080906149), test_metric_artifact=ClassificationMetricArtifact(f1_score=0.9682151589242054, precision_score=0.9572925060435133, recall_score=0.9793899422918384))
