[ 2025-03-28 18:25:02,163 ] 1025 httpx - INFO - HTTP Request: GET https://dagshub.com/api/v1/user "HTTP/1.1 200 OK"
[ 2025-03-28 18:25:02,166 ] 107 dagshub - INFO - Accessing as anusha-chebolu
[ 2025-03-28 18:25:02,301 ] 1025 httpx - INFO - HTTP Request: GET https://dagshub.com/api/v1/repos/anusha-chebolu/Udemy-MLOps-Hands-on "HTTP/1.1 200 OK"
[ 2025-03-28 18:25:02,410 ] 1025 httpx - INFO - HTTP Request: GET https://dagshub.com/api/v1/user "HTTP/1.1 200 OK"
[ 2025-03-28 18:25:02,412 ] 107 dagshub - INFO - Initialized MLflow to track repo "anusha-chebolu/Udemy-MLOps-Hands-on"
[ 2025-03-28 18:25:02,412 ] 107 dagshub - INFO - Repository anusha-chebolu/Udemy-MLOps-Hands-on initialized!
[ 2025-03-28 18:25:03,484 ] 45 root - INFO - Start data Ingestion
[ 2025-03-28 18:25:07,527 ] 77 root - INFO - Performed train-test split on the dataframe.
[ 2025-03-28 18:25:07,553 ] 89 root - INFO - Exported training and testing datasets.
[ 2025-03-28 18:25:07,554 ] 53 root - INFO - Data Ingestion completed and artifact: DataIngestionArtifact(trained_file_path='Artifacts/03_28_2025_18_25_00/data_ingestion/ingested/train.csv', test_file_path='Artifacts/03_28_2025_18_25_00/data_ingestion/ingested/test.csv')
[ 2025-03-28 18:25:07,556 ] 71 root - INFO - Initiate the data Validation
[ 2025-03-28 18:25:07,565 ] 32 root - INFO - Required number of columns:2
[ 2025-03-28 18:25:07,565 ] 33 root - INFO - Data frame has columns:31
[ 2025-03-28 18:25:07,565 ] 32 root - INFO - Required number of columns:2
[ 2025-03-28 18:25:07,565 ] 33 root - INFO - Data frame has columns:31
[ 2025-03-28 18:25:07,565 ] 49 root - INFO - All numerical columns exist in the dataframe.
[ 2025-03-28 18:25:07,565 ] 49 root - INFO - All numerical columns exist in the dataframe.
[ 2025-03-28 18:25:07,642 ] 65 root - INFO - Entered initiate_data_transformation method of DataTransformation class
[ 2025-03-28 18:25:07,642 ] 67 root - INFO - Starting data transformation
[ 2025-03-28 18:25:07,650 ] 50 root - INFO - Entered get_data_trnasformer_object method of Trnasformation class
[ 2025-03-28 18:25:07,650 ] 55 root - INFO - Initialise KNNImputer with {'missing_values': nan, 'n_neighbors': 3, 'weights': 'uniform'}
[ 2025-03-28 18:25:07,656 ] 47 root - INFO - Entered the save_object method of MainUtils class
[ 2025-03-28 18:25:07,657 ] 51 root - INFO - Exited the save_object method of MainUtils class
[ 2025-03-28 18:25:07,657 ] 47 root - INFO - Entered the save_object method of MainUtils class
[ 2025-03-28 18:25:07,660 ] 51 root - INFO - Exited the save_object method of MainUtils class
[ 2025-03-28 18:27:25,486 ] 47 root - INFO - Entered the save_object method of MainUtils class
[ 2025-03-28 18:27:25,487 ] 51 root - INFO - Exited the save_object method of MainUtils class
[ 2025-03-28 18:27:25,487 ] 47 root - INFO - Entered the save_object method of MainUtils class
[ 2025-03-28 18:27:25,514 ] 51 root - INFO - Exited the save_object method of MainUtils class
[ 2025-03-28 18:27:25,514 ] 147 root - INFO - Model trainer artifact: ModelTrainerArtifact(trained_model_file_path='Artifacts/03_28_2025_18_25_00/model_trainer/trained_model/model.pkl', train_metric_artifact=ClassificationMetricArtifact(f1_score=0.9906523064417802, precision_score=0.9880421564653425, recall_score=0.9932762836185819), test_metric_artifact=ClassificationMetricArtifact(f1_score=0.9788254095085897, precision_score=0.9768740031897927, recall_score=0.9807846277021617))
