[ 2025-03-28 18:18:15,370 ] 1025 httpx - INFO - HTTP Request: GET https://dagshub.com/api/v1/user "HTTP/1.1 200 OK"
[ 2025-03-28 18:18:15,375 ] 107 dagshub - INFO - Accessing as anusha-chebolu
[ 2025-03-28 18:18:15,508 ] 1025 httpx - INFO - HTTP Request: GET https://dagshub.com/api/v1/repos/anusha-chebolu/Udemy-MLOps-Hands-on "HTTP/1.1 200 OK"
[ 2025-03-28 18:18:15,607 ] 1025 httpx - INFO - HTTP Request: GET https://dagshub.com/api/v1/user "HTTP/1.1 200 OK"
[ 2025-03-28 18:18:15,609 ] 107 dagshub - INFO - Initialized MLflow to track repo "anusha-chebolu/Udemy-MLOps-Hands-on"
[ 2025-03-28 18:18:15,609 ] 107 dagshub - INFO - Repository anusha-chebolu/Udemy-MLOps-Hands-on initialized!
[ 2025-03-28 18:18:19,950 ] 42 root - INFO - Start data Ingestion
[ 2025-03-28 18:18:23,327 ] 77 root - INFO - Performed train-test split on the dataframe.
[ 2025-03-28 18:18:23,354 ] 89 root - INFO - Exported training and testing datasets.
[ 2025-03-28 18:18:23,354 ] 50 root - INFO - Data Ingestion completed and artifact: DataIngestionArtifact(trained_file_path='Artifacts/03_28_2025_18_18_13/data_ingestion/ingested/train.csv', test_file_path='Artifacts/03_28_2025_18_18_13/data_ingestion/ingested/test.csv')
[ 2025-03-28 18:18:23,357 ] 68 root - INFO - Initiate the data Validation
[ 2025-03-28 18:18:23,367 ] 32 root - INFO - Required number of columns:2
[ 2025-03-28 18:18:23,367 ] 33 root - INFO - Data frame has columns:31
[ 2025-03-28 18:18:23,367 ] 32 root - INFO - Required number of columns:2
[ 2025-03-28 18:18:23,367 ] 33 root - INFO - Data frame has columns:31
[ 2025-03-28 18:18:23,367 ] 49 root - INFO - All numerical columns exist in the dataframe.
[ 2025-03-28 18:18:23,367 ] 49 root - INFO - All numerical columns exist in the dataframe.
[ 2025-03-28 18:18:23,447 ] 65 root - INFO - Entered initiate_data_transformation method of DataTransformation class
[ 2025-03-28 18:18:23,447 ] 67 root - INFO - Starting data transformation
[ 2025-03-28 18:18:23,456 ] 50 root - INFO - Entered get_data_trnasformer_object method of Trnasformation class
[ 2025-03-28 18:18:23,456 ] 55 root - INFO - Initialise KNNImputer with {'missing_values': nan, 'n_neighbors': 3, 'weights': 'uniform'}
[ 2025-03-28 18:18:23,461 ] 47 root - INFO - Entered the save_object method of MainUtils class
[ 2025-03-28 18:18:23,463 ] 51 root - INFO - Exited the save_object method of MainUtils class
[ 2025-03-28 18:18:23,463 ] 47 root - INFO - Entered the save_object method of MainUtils class
[ 2025-03-28 18:18:23,466 ] 51 root - INFO - Exited the save_object method of MainUtils class
