[ 2025-03-28 18:39:49,611 ] 1025 httpx - INFO - HTTP Request: GET https://dagshub.com/api/v1/user "HTTP/1.1 200 OK"
[ 2025-03-28 18:39:49,615 ] 107 dagshub - INFO - Accessing as anusha-chebolu
[ 2025-03-28 18:39:49,748 ] 1025 httpx - INFO - HTTP Request: GET https://dagshub.com/api/v1/repos/anusha-chebolu/Udemy-MLOps-Hands-on "HTTP/1.1 200 OK"
[ 2025-03-28 18:39:49,860 ] 1025 httpx - INFO - HTTP Request: GET https://dagshub.com/api/v1/user "HTTP/1.1 200 OK"
[ 2025-03-28 18:39:49,862 ] 107 dagshub - INFO - Initialized MLflow to track repo "anusha-chebolu/Udemy-MLOps-Hands-on"
[ 2025-03-28 18:39:49,862 ] 107 dagshub - INFO - Repository anusha-chebolu/Udemy-MLOps-Hands-on initialized!
[ 2025-03-28 18:40:20,924 ] 43 root - INFO - Start data Ingestion
[ 2025-03-28 18:40:26,388 ] 77 root - INFO - Performed train-test split on the dataframe.
[ 2025-03-28 18:40:26,416 ] 89 root - INFO - Exported training and testing datasets.
[ 2025-03-28 18:40:26,416 ] 51 root - INFO - Data Ingestion completed and artifact: DataIngestionArtifact(trained_file_path='Artifacts/03_28_2025_18_39_47/data_ingestion/ingested/train.csv', test_file_path='Artifacts/03_28_2025_18_39_47/data_ingestion/ingested/test.csv')
[ 2025-03-28 18:40:26,420 ] 69 root - INFO - Initiate the data Validation
[ 2025-03-28 18:40:26,431 ] 32 root - INFO - Required number of columns:2
[ 2025-03-28 18:40:26,431 ] 33 root - INFO - Data frame has columns:31
[ 2025-03-28 18:40:26,431 ] 32 root - INFO - Required number of columns:2
[ 2025-03-28 18:40:26,431 ] 33 root - INFO - Data frame has columns:31
[ 2025-03-28 18:40:26,431 ] 49 root - INFO - All numerical columns exist in the dataframe.
[ 2025-03-28 18:40:26,431 ] 49 root - INFO - All numerical columns exist in the dataframe.
[ 2025-03-28 18:40:26,521 ] 65 root - INFO - Entered initiate_data_transformation method of DataTransformation class
[ 2025-03-28 18:40:26,521 ] 67 root - INFO - Starting data transformation
[ 2025-03-28 18:40:26,530 ] 50 root - INFO - Entered get_data_trnasformer_object method of Trnasformation class
[ 2025-03-28 18:40:26,530 ] 55 root - INFO - Initialise KNNImputer with {'missing_values': nan, 'n_neighbors': 3, 'weights': 'uniform'}
[ 2025-03-28 18:40:26,537 ] 47 root - INFO - Entered the save_object method of MainUtils class
[ 2025-03-28 18:40:26,541 ] 51 root - INFO - Exited the save_object method of MainUtils class
[ 2025-03-28 18:40:26,541 ] 47 root - INFO - Entered the save_object method of MainUtils class
[ 2025-03-28 18:40:26,544 ] 51 root - INFO - Exited the save_object method of MainUtils class
[ 2025-03-28 18:42:34,517 ] 47 root - INFO - Entered the save_object method of MainUtils class
[ 2025-03-28 18:42:34,518 ] 51 root - INFO - Exited the save_object method of MainUtils class
[ 2025-03-28 18:42:34,518 ] 47 root - INFO - Entered the save_object method of MainUtils class
[ 2025-03-28 18:42:34,542 ] 51 root - INFO - Exited the save_object method of MainUtils class
[ 2025-03-28 18:42:34,542 ] 147 root - INFO - Model trainer artifact: ModelTrainerArtifact(trained_model_file_path='Artifacts/03_28_2025_18_39_47/model_trainer/trained_model/model.pkl', train_metric_artifact=ClassificationMetricArtifact(f1_score=0.991337630942788, precision_score=0.9905394524959742, recall_score=0.9921370967741936), test_metric_artifact=ClassificationMetricArtifact(f1_score=0.9717607973421927, precision_score=0.9661436829066887, recall_score=0.9774436090225563))
