[ 2025-03-28 18:34:05,258 ] 1025 httpx - INFO - HTTP Request: GET https://dagshub.com/api/v1/user "HTTP/1.1 200 OK"
[ 2025-03-28 18:34:05,260 ] 107 dagshub - INFO - Accessing as anusha-chebolu
[ 2025-03-28 18:34:05,560 ] 1025 httpx - INFO - HTTP Request: GET https://dagshub.com/api/v1/repos/anusha-chebolu/Udemy-MLOps-Hands-on "HTTP/1.1 200 OK"
[ 2025-03-28 18:34:05,681 ] 1025 httpx - INFO - HTTP Request: GET https://dagshub.com/api/v1/user "HTTP/1.1 200 OK"
[ 2025-03-28 18:34:05,683 ] 107 dagshub - INFO - Initialized MLflow to track repo "anusha-chebolu/Udemy-MLOps-Hands-on"
[ 2025-03-28 18:34:05,683 ] 107 dagshub - INFO - Repository anusha-chebolu/Udemy-MLOps-Hands-on initialized!
[ 2025-03-28 18:34:10,500 ] 43 root - INFO - Start data Ingestion
[ 2025-03-28 18:34:14,013 ] 77 root - INFO - Performed train-test split on the dataframe.
[ 2025-03-28 18:34:14,041 ] 89 root - INFO - Exported training and testing datasets.
[ 2025-03-28 18:34:14,041 ] 51 root - INFO - Data Ingestion completed and artifact: DataIngestionArtifact(trained_file_path='Artifacts/03_28_2025_18_34_03/data_ingestion/ingested/train.csv', test_file_path='Artifacts/03_28_2025_18_34_03/data_ingestion/ingested/test.csv')
[ 2025-03-28 18:34:14,045 ] 69 root - INFO - Initiate the data Validation
[ 2025-03-28 18:34:14,054 ] 32 root - INFO - Required number of columns:2
[ 2025-03-28 18:34:14,054 ] 33 root - INFO - Data frame has columns:31
[ 2025-03-28 18:34:14,054 ] 32 root - INFO - Required number of columns:2
[ 2025-03-28 18:34:14,054 ] 33 root - INFO - Data frame has columns:31
[ 2025-03-28 18:34:14,054 ] 49 root - INFO - All numerical columns exist in the dataframe.
[ 2025-03-28 18:34:14,054 ] 49 root - INFO - All numerical columns exist in the dataframe.
[ 2025-03-28 18:34:14,147 ] 65 root - INFO - Entered initiate_data_transformation method of DataTransformation class
[ 2025-03-28 18:34:14,147 ] 67 root - INFO - Starting data transformation
[ 2025-03-28 18:34:14,156 ] 50 root - INFO - Entered get_data_trnasformer_object method of Trnasformation class
[ 2025-03-28 18:34:14,156 ] 55 root - INFO - Initialise KNNImputer with {'missing_values': nan, 'n_neighbors': 3, 'weights': 'uniform'}
[ 2025-03-28 18:34:14,163 ] 47 root - INFO - Entered the save_object method of MainUtils class
[ 2025-03-28 18:34:14,165 ] 51 root - INFO - Exited the save_object method of MainUtils class
[ 2025-03-28 18:34:14,165 ] 47 root - INFO - Entered the save_object method of MainUtils class
[ 2025-03-28 18:34:14,166 ] 51 root - INFO - Exited the save_object method of MainUtils class
[ 2025-03-28 18:36:46,573 ] 47 root - INFO - Entered the save_object method of MainUtils class
[ 2025-03-28 18:36:46,575 ] 51 root - INFO - Exited the save_object method of MainUtils class
[ 2025-03-28 18:36:46,575 ] 47 root - INFO - Entered the save_object method of MainUtils class
[ 2025-03-28 18:36:46,623 ] 51 root - INFO - Exited the save_object method of MainUtils class
[ 2025-03-28 18:36:46,623 ] 147 root - INFO - Model trainer artifact: ModelTrainerArtifact(trained_model_file_path='Artifacts/03_28_2025_18_34_03/model_trainer/trained_model/model.pkl', train_metric_artifact=ClassificationMetricArtifact(f1_score=0.9918878317476214, precision_score=0.9905981196239247, recall_score=0.9931809065383073), test_metric_artifact=ClassificationMetricArtifact(f1_score=0.9703891708967851, precision_score=0.961441743503772, recall_score=0.9795046968403074))
